2022-12-27 17:09:01 error: [GET] /configs/physical >> StatusCode:: 500, Message:: Access denied for user ''@'localhost' (using password: YES)
2022-12-27 17:09:01 error: [GET] /configs/physical >> StatusCode:: 500, Message:: Access denied for user ''@'localhost' (using password: YES)
2022-12-27 17:09:02 error: [GET] /configs/physical >> StatusCode:: 500, Message:: Access denied for user ''@'localhost' (using password: YES)
2022-12-27 17:12:03 error: [POST] /login >> StatusCode:: 400, Message:: username must be a string, password must be a string
2022-12-27 17:12:08 error: [POST] /login >> StatusCode:: 400, Message:: username must be a string, password must be a string
2022-12-27 17:12:19 error: [POST] /login >> StatusCode:: 400, Message:: username must be a string, password must be a string
2022-12-27 17:12:33 error: [POST] /login >> StatusCode:: 409, Message:: Password is not matching
2022-12-27 17:36:27 error: [POST] /login >> StatusCode:: 400, Message:: username must be a string, password must be a string
2022-12-27 17:37:04 error: [POST] /login >> StatusCode:: 400, Message:: username must be a string, password must be a string
2022-12-27 17:37:31 error: [POST] /login >> StatusCode:: 400, Message:: username must be a string, password must be a string
2022-12-27 17:37:54 error: [POST] /login >> StatusCode:: 400, Message:: property username should not exist, property password should not exist
2022-12-27 17:38:10 error: [POST] /login >> StatusCode:: 400, Message:: property username should not exist, property password should not exist
2022-12-27 17:40:28 error: [POST] /login >> StatusCode:: 400, Message:: username must be a string, password must be a string
2022-12-27 17:40:46 error: [POST] /login >> StatusCode:: 400, Message:: username must be a string, password must be a string
2022-12-27 17:46:55 error: uncaughtException: cors is not defined
ReferenceError: cors is not defined
    at App.initializeMiddlewares (D:\repository\SertificatesSite\server\src\app.ts:51:14)
    at new App (D:\repository\SertificatesSite\server\src\app.ts:24:10)
    at Object.<anonymous> (D:\repository\SertificatesSite\server\src\server.ts:9:13)
    at Module._compile (node:internal/modules/cjs/loader:1103:14)
    at Module.m._compile (D:\repository\SertificatesSite\server\node_modules\ts-node\src\index.ts:1618:23)
    at Module._extensions..js (node:internal/modules/cjs/loader:1157:10)
    at Object.require.extensions.<computed> [as .ts] (D:\repository\SertificatesSite\server\node_modules\ts-node\src\index.ts:1621:12)
    at Module.load (node:internal/modules/cjs/loader:981:32)
    at Function.Module._load (node:internal/modules/cjs/loader:822:12)
    at Function.executeUserEntryPoint [as runMain] (node:internal/modules/run_main:77:12)
2022-12-27 17:50:19 error: [POST] /login >> StatusCode:: 400, Message:: property username should not exist, property password should not exist
2022-12-27 17:53:49 error: [POST] /login >> StatusCode:: 400, Message:: property username should not exist, property password should not exist
2022-12-27 17:54:31 error: [POST] /login >> StatusCode:: 400, Message:: property username should not exist, property password should not exist
2022-12-27 17:54:46 error: [POST] /login >> StatusCode:: 400, Message:: property username should not exist, property password should not exist
2022-12-27 20:36:03 error: [POST] /login >> StatusCode:: 400, Message:: property username should not exist, property password should not exist
2022-12-27 21:08:22 error: [POST] /auth >> StatusCode:: 404, Message:: Authentication token missing
2022-12-27 21:09:00 error: [POST] /auth >> StatusCode:: 404, Message:: Authentication token missing
2022-12-27 21:09:31 error: [POST] /auth >> StatusCode:: 404, Message:: Authentication token missing
2022-12-27 21:09:43 error: [POST] /auth >> StatusCode:: 404, Message:: Authentication token missing
2022-12-27 21:09:58 error: [POST] /auth >> StatusCode:: 404, Message:: Authentication token missing
2022-12-27 21:11:50 error: [POST] /auth >> StatusCode:: 404, Message:: Authentication token missing
2022-12-27 21:11:59 error: [POST] /auth >> StatusCode:: 404, Message:: Authentication token missing
2022-12-27 21:12:08 error: [POST] /auth >> StatusCode:: 401, Message:: Wrong authentication token
2022-12-27 21:31:23 error: [POST] /auth >> StatusCode:: 500, Message:: Cannot set headers after they are sent to the client
2022-12-27 21:31:40 error: [POST] /auth >> StatusCode:: 500, Message:: Cannot set headers after they are sent to the client
2022-12-27 21:33:17 error: [POST] /logout >> StatusCode:: 401, Message:: Wrong authentication token
2022-12-27 22:07:43 error: [POST] /auth >> StatusCode:: 500, Message:: Cannot set headers after they are sent to the client
2022-12-27 22:07:43 error: [POST] /auth >> StatusCode:: 500, Message:: Cannot set headers after they are sent to the client
2022-12-27 22:07:48 error: [PATCH] /configs >> StatusCode:: 500, Message:: WHERE parameter "title" has invalid "undefined" value
2022-12-27 22:07:49 error: [PATCH] /configs >> StatusCode:: 500, Message:: WHERE parameter "title" has invalid "undefined" value
2022-12-27 22:07:49 error: [PATCH] /configs >> StatusCode:: 500, Message:: WHERE parameter "title" has invalid "undefined" value
2022-12-27 22:08:04 error: [PATCH] /configs >> StatusCode:: 500, Message:: WHERE parameter "title" has invalid "undefined" value
2022-12-27 22:08:58 error: [PATCH] /configs >> StatusCode:: 500, Message:: WHERE parameter "title" has invalid "undefined" value
2022-12-27 22:11:37 error: uncaughtException: Cannot find module '@controllers/users.controller'
Require stack:
- D:\repository\SertificatesSite\server\src\server.ts
Error: Cannot find module '@controllers/users.controller'
Require stack:
- D:\repository\SertificatesSite\server\src\server.ts
    at Function.Module._resolveFilename (node:internal/modules/cjs/loader:933:15)
    at Function.Module._resolveFilename.sharedData.moduleResolveFilenameHook.installedValue (D:\repository\SertificatesSite\server\node_modules\@cspotcode\source-map-support\source-map-support.js:811:30)
    at Function.Module._resolveFilename (D:\repository\SertificatesSite\server\node_modules\tsconfig-paths\src\register.ts:115:36)
    at Function.Module._load (node:internal/modules/cjs/loader:778:27)
    at Module.require (node:internal/modules/cjs/loader:1005:19)
    at require (node:internal/modules/cjs/helpers:102:18)
    at Object.<anonymous> (D:\repository\SertificatesSite\server\src\server.ts:4:1)
    at Module._compile (node:internal/modules/cjs/loader:1103:14)
    at Module.m._compile (D:\repository\SertificatesSite\server\node_modules\ts-node\src\index.ts:1618:23)
    at Module._extensions..js (node:internal/modules/cjs/loader:1157:10)
