2022-12-26 08:57:39 error: uncaughtException: Cannot find module 'sequelize'
Require stack:
- D:\repository\SertificatesSite\server\src\database\sequelize.ts
- D:\repository\SertificatesSite\server\src\middlewares\auth.middleware.ts
- D:\repository\SertificatesSite\server\src\controllers\auth.controller.ts
- D:\repository\SertificatesSite\server\src\server.ts
Error: Cannot find module 'sequelize'
Require stack:
- D:\repository\SertificatesSite\server\src\database\sequelize.ts
- D:\repository\SertificatesSite\server\src\middlewares\auth.middleware.ts
- D:\repository\SertificatesSite\server\src\controllers\auth.controller.ts
- D:\repository\SertificatesSite\server\src\server.ts
    at Function.Module._resolveFilename (node:internal/modules/cjs/loader:933:15)
    at Function.Module._resolveFilename.sharedData.moduleResolveFilenameHook.installedValue (D:\repository\SertificatesSite\server\node_modules\@cspotcode\source-map-support\source-map-support.js:811:30)
    at Function.Module._resolveFilename (D:\repository\SertificatesSite\server\node_modules\tsconfig-paths\src\register.ts:115:36)
    at Function.Module._load (node:internal/modules/cjs/loader:778:27)
    at Module.require (node:internal/modules/cjs/loader:1005:19)
    at require (node:internal/modules/cjs/helpers:102:18)
    at Object.<anonymous> (D:\repository\SertificatesSite\server\src\database\sequelize.ts:3:21)
    at Module._compile (node:internal/modules/cjs/loader:1103:14)
    at Module.m._compile (D:\repository\SertificatesSite\server\node_modules\ts-node\src\index.ts:1618:23)
    at Module._extensions..js (node:internal/modules/cjs/loader:1157:10)
2022-12-26 09:11:46 error: uncaughtException: тип Unable to compile TypeScript:
src/services/config.service.ts(12,3): error TS1003: Identifier expected.

TSError: тип Unable to compile TypeScript:
src/services/config.service.ts(12,3): error TS1003: Identifier expected.

    at createTSError (D:\repository\SertificatesSite\server\node_modules\ts-node\src\index.ts:859:12)
    at reportTSError (D:\repository\SertificatesSite\server\node_modules\ts-node\src\index.ts:863:19)
    at D:\repository\SertificatesSite\server\node_modules\ts-node\src\index.ts:1379:34
    at Object.compile (D:\repository\SertificatesSite\server\node_modules\ts-node\src\index.ts:1458:13)
    at Module.m._compile (D:\repository\SertificatesSite\server\node_modules\ts-node\src\index.ts:1617:30)
    at Module._extensions..js (node:internal/modules/cjs/loader:1157:10)
    at Object.require.extensions.<computed> [as .ts] (D:\repository\SertificatesSite\server\node_modules\ts-node\src\index.ts:1621:12)
    at Module.load (node:internal/modules/cjs/loader:981:32)
    at Function.Module._load (node:internal/modules/cjs/loader:822:12)
    at Module.require (node:internal/modules/cjs/loader:1005:19)
2022-12-26 09:14:39 error: [POST] /save >> StatusCode:: 500, Message:: Something went wrong
2022-12-26 09:26:30 error: [PATCH] /configs >> StatusCode:: 500, Message:: Cannot read properties of null (reading 'set')
2022-12-26 09:26:39 error: [PATCH] /configs >> StatusCode:: 500, Message:: Cannot read properties of null (reading 'set')
2022-12-26 09:29:53 error: [PATCH] /configs >> StatusCode:: 500, Message:: Cannot read properties of null (reading 'set')
2022-12-26 09:31:39 error: [PATCH] /configs >> StatusCode:: 500, Message:: Cannot read properties of null (reading 'save')
2022-12-26 10:16:57 error: uncaughtException: тип Unable to compile TypeScript:
src/services/config.service.ts(14,5): error TS1109: Expression expected.

TSError: тип Unable to compile TypeScript:
src/services/config.service.ts(14,5): error TS1109: Expression expected.

    at createTSError (D:\repository\SertificatesSite\server\node_modules\ts-node\src\index.ts:859:12)
    at reportTSError (D:\repository\SertificatesSite\server\node_modules\ts-node\src\index.ts:863:19)
    at D:\repository\SertificatesSite\server\node_modules\ts-node\src\index.ts:1379:34
    at Object.compile (D:\repository\SertificatesSite\server\node_modules\ts-node\src\index.ts:1458:13)
    at Module.m._compile (D:\repository\SertificatesSite\server\node_modules\ts-node\src\index.ts:1617:30)
    at Module._extensions..js (node:internal/modules/cjs/loader:1157:10)
    at Object.require.extensions.<computed> [as .ts] (D:\repository\SertificatesSite\server\node_modules\ts-node\src\index.ts:1621:12)
    at Module.load (node:internal/modules/cjs/loader:981:32)
    at Function.Module._load (node:internal/modules/cjs/loader:822:12)
    at Module.require (node:internal/modules/cjs/loader:1005:19)
2022-12-26 10:21:29 error: [POST] /configs >> StatusCode:: 500, Message:: Unknown column 'config.title' in 'where clause'
2022-12-26 10:22:04 error: [POST] /configs >> StatusCode:: 500, Message:: Unknown column 'config.title' in 'where clause'
